<?xml version="1.0" encoding="UTF-8"?>
<testng-results skipped="0" failed="0" ignored="0" total="3" passed="3">
  <reporter-output>
  </reporter-output>
  <suite name="Suite" duration-ms="99003" started-at="2017-12-05T17:27:54Z" finished-at="2017-12-05T17:29:33Z">
    <groups>
    </groups>
    <test name="Test1" duration-ms="22563" started-at="2017-12-05T17:27:54Z" finished-at="2017-12-05T17:28:16Z">
      <class name="com.tests.SignInTest">
        <test-method status="PASS" signature="initialSetUp()[pri:0, instance:com.tests.SignInTest@2b98378d]" name="initialSetUp" is-config="true" duration-ms="16383" started-at="2017-12-05T22:57:54Z" finished-at="2017-12-05T22:58:10Z">
          <reporter-output>
          </reporter-output>
        </test-method> <!-- initialSetUp -->
        <test-method status="PASS" signature="gotoSignUP()[pri:0, instance:com.tests.SignInTest@2b98378d]" name="gotoSignUP" is-config="true" duration-ms="2708" started-at="2017-12-05T22:58:10Z" finished-at="2017-12-05T22:58:13Z">
          <reporter-output>
          </reporter-output>
        </test-method> <!-- gotoSignUP -->
        <test-method status="PASS" signature="shouldThrowAnErrorIfSignInDetailsAreMissing()[pri:0, instance:com.tests.SignInTest@2b98378d]" name="shouldThrowAnErrorIfSignInDetailsAreMissing" duration-ms="1760" started-at="2017-12-05T22:58:13Z" finished-at="2017-12-05T22:58:15Z">
          <reporter-output>
          </reporter-output>
        </test-method> <!-- shouldThrowAnErrorIfSignInDetailsAreMissing -->
        <test-method status="PASS" signature="tearDown()[pri:0, instance:com.tests.SignInTest@2b98378d]" name="tearDown" is-config="true" duration-ms="1643" started-at="2017-12-05T22:58:15Z" finished-at="2017-12-05T22:58:16Z">
          <reporter-output>
          </reporter-output>
        </test-method> <!-- tearDown -->
      </class> <!-- com.tests.SignInTest -->
    </test> <!-- Test1 -->
    <test name="Test2" duration-ms="38880" started-at="2017-12-05T17:28:16Z" finished-at="2017-12-05T17:28:55Z">
      <class name="com.tests.HotelBookingTest">
        <test-method status="PASS" signature="initialSetUp()[pri:0, instance:com.tests.HotelBookingTest@91161c7]" name="initialSetUp" is-config="true" duration-ms="12538" started-at="2017-12-05T22:58:16Z" finished-at="2017-12-05T22:58:29Z">
          <reporter-output>
          </reporter-output>
        </test-method> <!-- initialSetUp -->
        <test-method status="PASS" signature="gotoSignUP()[pri:0, instance:com.tests.HotelBookingTest@91161c7]" name="gotoSignUP" is-config="true" duration-ms="5887" started-at="2017-12-05T22:58:29Z" finished-at="2017-12-05T22:58:35Z">
          <reporter-output>
          </reporter-output>
        </test-method> <!-- gotoSignUP -->
        <test-method status="PASS" signature="shouldBeAbleToSearchForHotels()[pri:0, instance:com.tests.HotelBookingTest@91161c7]" name="shouldBeAbleToSearchForHotels" duration-ms="16208" started-at="2017-12-05T22:58:35Z" finished-at="2017-12-05T22:58:51Z">
          <reporter-output>
          </reporter-output>
        </test-method> <!-- shouldBeAbleToSearchForHotels -->
        <test-method status="PASS" signature="tearDown()[pri:0, instance:com.tests.HotelBookingTest@91161c7]" name="tearDown" is-config="true" duration-ms="4238" started-at="2017-12-05T22:58:51Z" finished-at="2017-12-05T22:58:55Z">
          <reporter-output>
          </reporter-output>
        </test-method> <!-- tearDown -->
      </class> <!-- com.tests.HotelBookingTest -->
    </test> <!-- Test2 -->
    <test name="Test3" duration-ms="37364" started-at="2017-12-05T17:28:55Z" finished-at="2017-12-05T17:29:33Z">
      <class name="com.tests.HotelBookingTest">
        <test-method status="PASS" signature="initialSetUp()[pri:0, instance:com.tests.HotelBookingTest@6093dd95]" name="initialSetUp" is-config="true" duration-ms="13081" started-at="2017-12-05T22:58:55Z" finished-at="2017-12-05T22:59:08Z">
          <reporter-output>
          </reporter-output>
        </test-method> <!-- initialSetUp -->
        <test-method status="PASS" signature="gotoSignUP()[pri:0, instance:com.tests.HotelBookingTest@6093dd95]" name="gotoSignUP" is-config="true" duration-ms="5694" started-at="2017-12-05T22:59:08Z" finished-at="2017-12-05T22:59:14Z">
          <reporter-output>
          </reporter-output>
        </test-method> <!-- gotoSignUP -->
        <test-method status="PASS" signature="shouldBeAbleToSearchForHotels()[pri:0, instance:com.tests.HotelBookingTest@6093dd95]" name="shouldBeAbleToSearchForHotels" duration-ms="15213" started-at="2017-12-05T22:59:14Z" finished-at="2017-12-05T22:59:29Z">
          <reporter-output>
          </reporter-output>
        </test-method> <!-- shouldBeAbleToSearchForHotels -->
        <test-method status="PASS" signature="tearDown()[pri:0, instance:com.tests.HotelBookingTest@6093dd95]" name="tearDown" is-config="true" duration-ms="3367" started-at="2017-12-05T22:59:29Z" finished-at="2017-12-05T22:59:33Z">
          <reporter-output>
          </reporter-output>
        </test-method> <!-- tearDown -->
      </class> <!-- com.tests.HotelBookingTest -->
    </test> <!-- Test3 -->
  </suite> <!-- Suite -->
</testng-results>
